09 //类型标识
06 //个数
00 //
05
3333
00
00
1c
2626514e30312cbbfac6f730302cbbd8c2b736342cb2bfbcfe303237
00
32220f150916

00
05
3333
00
00
1c
2626514e30312cbbfac6f730302cbbd8c2b730352cb2bfbcfe303237
00
32220f150916


00
05
3333
00
00
1c
2626514e30312cbbfac6f730302cbbd8c2b732372cb2bfbcfe303537
00
32220f150916

00
05
3333
00
00
1c
2626514e30312cbbfac6f730302cbbd8c2b735302cb2bfbcfe303437
00
32220f150916

00
05
3333
09
00
1c
2626514e30312cbbfac6f730302cbbd8c2b735342cb2bfbcfe303437
06
cffbd2f40d0a
32220f150916

00
05
3333
09
00
1c
2626514e30312cbbfac6f730302cbbd8c2b735362cb2bfbcfe303332
06
cffbd2f40d0a
32220f150916